CO STARTING
   TITLEONE pash2015
   MODELOPT CONC FLAT
   AVERTIME PERIOD
   POLLUTID VOC
   RUNORNOT RUN
CO FINISHED

SO STARTING
   LOCATION STCK8        POINT      200383.000  1941086.000          0.0
   SRCPARAM STCK8             1.00     4.000     0.000   0.01000     0.010
   SRCGROUP ALL
SO FINISHED

RE STARTING
   GRIDCART UCART1 STA
                    XYINC 198600.00 48 75.00 1939600.00 36 75.00
   GRIDCART UCART1 END
RE FINISHED

ME STARTING
   SURFFILE AERMET.SFC
   PROFFILE AERMET.PFL
   SURFDATA 12365 2015
   UAIRDATA 99999 2015
   SITEDATA 12654 2015
   PROFBASE 10.0 METERS
   STARTEND 2015 3 10 24 2015 3 11 1
ME FINISHED

OU STARTING
OU FINISHED


  *** Message Summary For AERMOD Model Setup ***

  --------- Summary of Total Messages --------
  
 A Total of            0 Fatal Error Message(s)
 A Total of            2 Warning Message(s)
 A Total of            0 Informational Message(s)
  
  
    ******** FATAL ERROR MESSAGES ******** 
               ***  NONE  ***         
  
  
    ********   WARNING MESSAGES   ******** 
 ME W530      29       MEOPEN: CAUTION! Met Station ID Mismatch with SURFFILE for     UAIRDATA
 ME W531      29       MEOPEN: CAUTION! Met Station ID Missing from SURFFILE for      SITEDATA

 ***********************************
 *** SETUP Finishes Successfully ***
 ***********************************

 *** AERMOD - VERSION  19191 ***   *** pash2015                                                             ***        09/24/20
 *** AERMET - VERSION  14134 ***   ***                                                                      ***        12:30:53
                                                                                                                       PAGE   1
 *** MODELOPTs:    NonDFAULT  CONC  FLAT  RURAL

                                    *** UP TO THE FIRST 24 HOURS OF METEOROLOGICAL DATA ***

   Surface file:   AERMET.SFC                                                                         Met Version:  14134
   Profile file:   AERMET.PFL                                                                      
   Surface format: FREE                                                                                                     
   Profile format: FREE                                                                                                     
   Surface station no.:    12365                  Upper air station no.:    99999
                  Name: UNKNOWN                                    Name: UNKNOWN                                 
                  Year:   2015                                     Year:   2015

 First 24 hours of scalar data
 YR MO DY JDY HR     H0     U*     W*  DT/DZ ZICNV ZIMCH  M-O LEN    Z0  BOWEN ALBEDO  REF WS   WD     HT  REF TA     HT
- - - - - - - - - - - - - - - - - - - - - - - - - - - - - - - - - - - - - - - - - - - - - - - - - - - - - - - - - - - - - 
 15 03 10  69 01  -10.7  0.130 -9.000 -9.000 -999.  113.     17.7  1.00   1.50   1.00    1.50  189.   10.0  299.5    2.0
 15 03 10  69 02   -3.8  0.087 -9.000 -9.000 -999.   62.     14.9  1.00   1.50   0.63    1.00  190.   10.0  299.4    2.0
 15 03 10  69 03   58.1  0.239  0.889  0.009  413.  281.    -20.1  1.00   1.50   0.42    1.00  189.   10.0  299.5    2.0
 15 03 10  69 04  130.0  0.263  1.280  0.009  551.  324.    -12.0  1.00   1.50   0.37    1.00  190.   10.0  299.4    2.0
 15 03 10  69 05  104.6  0.070  1.252  0.009  640.  103.     -1.0  0.00   1.50   0.60    1.00  177.   10.0  299.0    2.0
 15 03 10  69 06  224.9  0.282  1.739  0.009  799.  359.     -8.5  1.00   1.50   0.35    1.00  221.   10.0  299.1    2.0
 15 03 10  69 07  240.6  0.367  1.876  0.009  940.  533.    -17.5  1.00   1.50   0.35    1.50  279.   10.0  299.4    2.0
 15 03 10  69 08  240.6  0.367  1.950  0.009 1058.  533.    -17.5  1.00   1.50   0.35    1.50  297.   10.0  300.0    2.0
 15 03 10  69 09  222.4  0.534  1.954  0.009 1154.  935.    -58.7  1.00   1.50   0.35    2.60  285.   10.0  301.2    2.0
 15 03 10  69 10  185.0  0.602  1.876  0.009 1229. 1119.   -101.2  1.00   1.50   0.36    3.10  290.   10.0  302.1    2.0
 15 03 10  69 11  130.6  0.511  1.693  0.009 1281.  887.    -88.1  1.00   1.50   0.37    2.60  282.   10.0  303.6    2.0
 15 03 10  69 12   59.0  0.567  1.308  0.009 1304. 1022.   -265.0  1.00   1.50   0.43    3.10  305.   10.0  303.8    2.0
 15 03 10  69 13  -10.3  0.182 -9.000 -9.000 -999.  418.     50.3  1.00   1.50   0.66    1.50  239.   10.0  303.9    2.0
 15 03 10  69 14   -1.3  0.033 -9.000 -9.000 -999.  245.      2.2  0.00   1.50   1.00    1.50   56.   10.0  303.6    2.0
 15 03 10  69 15   -0.6  0.022 -9.000 -9.000 -999.  133.      1.5  0.00   1.50   1.00    1.00  100.   10.0  304.0    2.0
 15 03 10  69 16  -10.5  0.130 -9.000 -9.000 -999.  113.     17.9  1.00   1.50   1.00    1.50  188.   10.0  303.9    2.0
 15 03 10  69 17   -0.6  0.022 -9.000 -9.000 -999.   34.      1.5  0.00   1.50   1.00    1.00  178.   10.0  303.9    2.0
 15 03 10  69 18   -4.7  0.087 -9.000 -9.000 -999.   61.     12.0  1.00   1.50   1.00    1.00  184.   10.0  303.9    2.0
 15 03 10  69 19   -0.6  0.022 -9.000 -9.000 -999.   12.      1.5  0.00   1.50   1.00    1.00  166.   10.0  303.2    2.0
 15 03 10  69 20   -0.1  0.011 -9.000 -9.000 -999.    3.      1.0  0.00   1.00   1.00    0.50  129.   10.0  302.6    2.0
 15 03 10  69 21   -1.2  0.043 -9.000 -9.000 -999.   22.      5.9  1.30   1.00   1.00    0.50  246.   10.0  302.2    2.0
 15 03 10  69 22   -4.7  0.087 -9.000 -9.000 -999.   61.     11.9  1.30   1.00   1.00    1.00  257.   10.0  301.9    2.0
 15 03 10  69 23   -1.2  0.043 -9.000 -9.000 -999.   22.      5.9  1.30   1.00   1.00    0.50  218.   10.0  301.6    2.0
 15 03 10  69 24   -1.2  0.043 -9.000 -9.000 -999.   22.      5.9  1.30   1.00   1.00    0.50  199.   10.0  301.1    2.0


 First hour of profile data
 YR MO DY HR HEIGHT F  WDIR    WSPD AMB_TMP sigmaA  sigmaW  sigmaV
 15 03 10 01   10.0 1  189.    1.50   299.6   99.0  -99.00  -99.00

 F indicates top of profile (=1) or below (=0)
 *** AERMOD - VERSION  19191 ***   *** pash2015                                                             ***        09/24/20
 *** AERMET - VERSION  14134 ***   ***                                                                      ***        12:30:53
                                                                                                                       PAGE   2
 *** MODELOPTs:    NonDFAULT  CONC  FLAT  RURAL

 *** Message Summary : AERMOD Model Execution ***

  --------- Summary of Total Messages --------
  
 A Total of            0 Fatal Error Message(s)
 A Total of            2 Warning Message(s)
 A Total of            0 Informational Message(s)

 A Total of            2 Hours Were Processed

 A Total of            0 Calm Hours Identified

 A Total of            0 Missing Hours Identified (  0.00 Percent)
  
  
    ******** FATAL ERROR MESSAGES ******** 
               ***  NONE  ***         
  
  
    ********   WARNING MESSAGES   ******** 
 ME W530      29       MEOPEN: CAUTION! Met Station ID Mismatch with SURFFILE for     UAIRDATA
 ME W531      29       MEOPEN: CAUTION! Met Station ID Missing from SURFFILE for      SITEDATA
